<?xml version="1.0" encoding="UTF-8"?>
<!-- Generated by org.testng.reporters.JUnitReportReporter -->
<testsuite skipped="0" hostname="BDC6-DX-J0MVXC2" name="com.test.ApachePoi_2" tests="1" failures="0" timestamp="17 Jul 2019 05:50:12 GMT" time="0.722" errors="0">
  <testcase name="f" time="0.722" classname="com.test.ApachePoi_2"/>
</testsuite> <!-- com.test.ApachePoi_2 -->
