<?xml version="1.0" encoding="UTF-8"?>
<!-- Generated by org.testng.reporters.JUnitReportReporter -->
<testsuite skipped="0" hostname="BDC6-DX-J0MVXC2" name="com.test.Demo2" tests="1" failures="0" timestamp="16 Jul 2019 07:43:56 GMT" time="17.663" errors="0">
  <testcase name="f" time="17.663" classname="com.test.Demo2"/>
</testsuite> <!-- com.test.Demo2 -->
