<?xml version="1.0" encoding="UTF-8"?>
<!-- Generated by org.testng.reporters.JUnitReportReporter -->
<testsuite skipped="0" hostname="BDC6-DX-J0MVXC2" name="com.test.ApachePoi_3" tests="1" failures="0" timestamp="17 Jul 2019 09:49:34 GMT" time="113.610" errors="0">
  <testcase name="f" time="113.610" classname="com.test.ApachePoi_3"/>
</testsuite> <!-- com.test.ApachePoi_3 -->
