<?xml version="1.0" encoding="UTF-8"?>
<!-- Generated by org.testng.reporters.JUnitReportReporter -->
<testsuite skipped="0" hostname="BDC6-DX-J0MVXC2" name="com.test.Actions_DemoWebShop" tests="1" failures="0" timestamp="16 Jul 2019 11:00:29 GMT" time="23.433" errors="0">
  <testcase name="f" time="23.433" classname="com.test.Actions_DemoWebShop"/>
</testsuite> <!-- com.test.Actions_DemoWebShop -->
