<?xml version="1.0" encoding="UTF-8"?>
<!-- Generated by org.testng.reporters.JUnitReportReporter -->
<testsuite skipped="0" hostname="BDC6-DX-J0MVXC2" name="com.test.dataTable" tests="1" failures="0" timestamp="19 Jul 2019 09:28:51 GMT" time="44.600" errors="0">
  <testcase name="f" time="44.600" classname="com.test.dataTable"/>
</testsuite> <!-- com.test.dataTable -->
