<?xml version="1.0" encoding="UTF-8"?>
<!-- Generated by org.testng.reporters.JUnitReportReporter -->
<testsuite skipped="0" hostname="BDC6-DX-J0MVXC2" name="com.test.mouse_movement" tests="1" failures="0" timestamp="19 Jul 2019 06:57:10 GMT" time="43.524" errors="0">
  <testcase name="mousemovements" time="43.524" classname="com.test.mouse_movement"/>
</testsuite> <!-- com.test.mouse_movement -->
