<?xml version="1.0" encoding="UTF-8"?>
<!-- Generated by org.testng.reporters.JUnitReportReporter -->
<testsuite skipped="0" hostname="BDC6-DX-J0MVXC2" name="com.test.Apache_poi" tests="1" failures="0" timestamp="17 Jul 2019 04:29:29 GMT" time="1.550" errors="0">
  <testcase name="f" time="1.550" classname="com.test.Apache_poi"/>
</testsuite> <!-- com.test.Apache_poi -->
